d:\imp\ood\projects\mandar_mathure_project1\mandar_mathure_project1\project1kv\xmldocument\xmldocument\debug\xmldocument.pdb
d:\imp\ood\projects\mandar_mathure_project1\mandar_mathure_project1\project1kv\xmldocument\xmldocument\debug\xmldocument.idb
d:\imp\ood\projects\mandar_mathure_project1\mandar_mathure_project1\project1kv\xmldocument\xmldocument\debug\tokenizer.obj
d:\imp\ood\projects\mandar_mathure_project1\mandar_mathure_project1\project1kv\xmldocument\xmldocument\debug\xmlelementparts.obj
d:\imp\ood\projects\mandar_mathure_project1\mandar_mathure_project1\project1kv\xmldocument\xmldocument\debug\xmlelement.obj
d:\imp\ood\projects\mandar_mathure_project1\mandar_mathure_project1\project1kv\xmldocument\xmldocument\debug\xmlparser.obj
d:\imp\ood\projects\mandar_mathure_project1\mandar_mathure_project1\project1kv\xmldocument\xmldocument\debug\xmldocument.obj
d:\imp\ood\projects\mandar_mathure_project1\mandar_mathure_project1\project1kv\debug\xmldocument.lib
c:\users\mandar\desktop\nosqldatabase\project1kv\xmldocument\xmldocument\debug\tokenizer.obj
c:\users\mandar\desktop\nosqldatabase\project1kv\xmldocument\xmldocument\debug\xmldocument.obj
c:\users\mandar\desktop\nosqldatabase\project1kv\xmldocument\xmldocument\debug\xmlelement.obj
c:\users\mandar\desktop\nosqldatabase\project1kv\xmldocument\xmldocument\debug\xmlelementparts.obj
c:\users\mandar\desktop\nosqldatabase\project1kv\xmldocument\xmldocument\debug\xmlparser.obj
c:\users\mandar\desktop\nosqldatabase\project1kv\xmldocument\xmldocument\debug\xmldocument.idb
c:\users\mandar\desktop\nosqldatabase\project1kv\xmldocument\xmldocument\debug\xmldocument.pdb
c:\users\mandar\desktop\nosqldatabase\project1kv\debug\xmldocument.pdb
c:\users\mandar\desktop\nosqldatabase\project1kv\debug\xmldocument.lib
c:\users\mandar\desktop\nosqldatabase\project1kv\xmldocument\xmldocument\debug\xmldocument.tlog\cl.command.1.tlog
c:\users\mandar\desktop\nosqldatabase\project1kv\xmldocument\xmldocument\debug\xmldocument.tlog\cl.read.1.tlog
c:\users\mandar\desktop\nosqldatabase\project1kv\xmldocument\xmldocument\debug\xmldocument.tlog\cl.write.1.tlog
c:\users\mandar\desktop\nosqldatabase\project1kv\xmldocument\xmldocument\debug\xmldocument.tlog\lib-link.read.1.tlog
c:\users\mandar\desktop\nosqldatabase\project1kv\xmldocument\xmldocument\debug\xmldocument.tlog\lib-link.write.1.tlog
c:\users\mandar\desktop\nosqldatabase\project1kv\xmldocument\xmldocument\debug\xmldocument.tlog\lib.command.1.tlog
